<?xml version="1.0" encoding="UTF-8"?>
<!-- Generated by org.testng.reporters.JUnitXMLReporter -->
<testsuite ignored="1" hostname="Rudransh" failures="1" tests="1" name="AreaofTriangle_Sides_Negetive2" time="0.003" errors="0" timestamp="2021-04-02T23:02:00 CEST">
  <testcase classname="com.hcl.test.AreaOfTriangle" name="areaOfTriangle_Sides" time="0.0">
    <failure type="org.testng.TestNGException" message="
Conversion issue on parameter: Side2">
      <![CDATA[org.testng.TestNGException: 
Conversion issue on parameter: Side2
at java.base/java.util.concurrent.ThreadPoolExecutor.runWorker(ThreadPoolExecutor.java:1130)
at java.base/java.util.concurrent.ThreadPoolExecutor$Worker.run(ThreadPoolExecutor.java:630)
at java.base/java.lang.Thread.run(Thread.java:832)
Caused by: java.lang.NumberFormatException: For input string: "89AZDDB"
at java.base/jdk.internal.math.FloatingDecimal.readJavaFormatString(FloatingDecimal.java:2054)
at java.base/jdk.internal.math.FloatingDecimal.parseDouble(FloatingDecimal.java:110)
at java.base/java.lang.Double.parseDouble(Double.java:549)
at java.base/java.lang.Double.valueOf(Double.java:512)
... 14 more
... Removed 13 stack frames]]>
    </failure>
  </testcase> <!-- areaOfTriangle_Sides -->
  <testcase classname="com.hcl.test.AreaOfTriangle" name="areaOfTriangle_HB" time="0.0">
    <ignored/>
  </testcase> <!-- areaOfTriangle_HB -->
</testsuite> <!-- AreaofTriangle_Sides_Negetive2 -->
