<?xml version="1.0" encoding="UTF-8"?>
<!-- Generated by org.testng.reporters.JUnitXMLReporter -->
<testsuite ignored="1" hostname="Rudransh" failures="0" tests="1" name="AreaofTriangle_HB_Positive1" time="0.008" errors="0" timestamp="2021-04-02T23:02:00 CEST">
  <testcase classname="com.hcl.test.AreaOfTriangle" name="areaOfTriangle_HB" time="0.001"/>
  <testcase classname="com.hcl.test.AreaOfTriangle" name="areaOfTriangle_Sides" time="0.0">
    <ignored/>
  </testcase> <!-- areaOfTriangle_Sides -->
</testsuite> <!-- AreaofTriangle_HB_Positive1 -->
