<?xml version="1.0" encoding="UTF-8"?>
<!-- Generated by org.testng.reporters.JUnitXMLReporter -->
<testsuite ignored="0" hostname="Rudransh" failures="1" tests="1" name="PrintNumbers_Negative" time="0.009" errors="0" timestamp="2021-04-02T23:02:00 CEST">
  <testcase classname="com.hcl.test.PrintNumbers" name="printNumbersRange" time="0.004">
    <failure type="java.lang.AssertionError" message="Entered Parameter is not valid!!">
      <![CDATA[java.lang.AssertionError: Entered Parameter is not valid!!
at com.hcl.test.PrintNumbers.printNumbersRange(PrintNumbers.java:51)
at java.base/java.util.concurrent.ThreadPoolExecutor.runWorker(ThreadPoolExecutor.java:1130)
at java.base/java.util.concurrent.ThreadPoolExecutor$Worker.run(ThreadPoolExecutor.java:630)
at java.base/java.lang.Thread.run(Thread.java:832)
... Removed 13 stack frames]]>
    </failure>
  </testcase> <!-- printNumbersRange -->
</testsuite> <!-- PrintNumbers_Negative -->
